build/app/intermediates/manifest_merge_blame_file/debug/manifest-merger-blame-debug-report.txt
1<?xml version="1.0" encoding="utf-8"?>
2<manifest xmlns:android="http://schemas.android.com/apk/res/android"
3    package="com.medbay.app"
4    android:versionCode="1"
5    android:versionName="1.0.0" >
6
7    <uses-sdk
8        android:minSdkVersion="21"
9        android:targetSdkVersion="33" />
10    <!--
11         The INTERNET permission is required for development. Specifically,
12         the Flutter tool needs it to communicate with the running application
13         to allow setting breakpoints, to provide hot reload, etc.
14    -->
15    <uses-permission android:name="android.permission.INTERNET" />
15-->src\debug\AndroidManifest.xml:7:5-66
15-->src\debug\AndroidManifest.xml:7:22-64
16    <uses-permission android:name="android.permission.FOREGROUND_SERVICE" />
16-->src\main\AndroidManifest.xml:3:4-76
16-->src\main\AndroidManifest.xml:3:21-73
17    <uses-permission android:name="android.permission.ACCESS_BACKGROUND_LOCATION" />
17-->src\main\AndroidManifest.xml:4:4-83
17-->src\main\AndroidManifest.xml:4:21-81
18    <uses-permission android:name="android.permission.CAMERA" />
18-->[:camera_android] AndroidManifest.xml:9:5-65
18-->[:camera_android] AndroidManifest.xml:9:22-62
19    <uses-permission android:name="android.permission.RECORD_AUDIO" /> <!-- See https://developer.android.com/training/package-visibility -->
19-->[:camera_android] AndroidManifest.xml:10:5-71
19-->[:camera_android] AndroidManifest.xml:10:22-68
20    <queries>
20-->[:flutter_downloader] AndroidManifest.xml:10:5-14:15
21        <intent>
21-->[:flutter_downloader] AndroidManifest.xml:11:9-13:18
22            <action android:name="android.intent.action.VIEW" />
22-->[:flutter_downloader] AndroidManifest.xml:12:13-65
22-->[:flutter_downloader] AndroidManifest.xml:12:21-62
23        </intent>
24        <!-- Needs to be explicitly declared on Android R+ -->
25        <package android:name="com.google.android.apps.maps" />
25-->[com.google.android.gms:play-services-maps:18.1.0] AndroidManifest.xml:33:9-64
25-->[com.google.android.gms:play-services-maps:18.1.0] AndroidManifest.xml:33:18-61
26    </queries>
27
28    <uses-permission android:name="android.permission.POST_NOTIFICATIONS" />
28-->[:flutter_downloader] AndroidManifest.xml:16:5-77
28-->[:flutter_downloader] AndroidManifest.xml:16:22-74
29    <uses-permission android:name="android.permission.ACCESS_COARSE_LOCATION" />
29-->[:location] AndroidManifest.xml:9:5-81
29-->[:location] AndroidManifest.xml:9:22-78
30    <uses-permission android:name="android.permission.ACCESS_FINE_LOCATION" />
30-->[:location] AndroidManifest.xml:10:5-79
30-->[:location] AndroidManifest.xml:10:22-76
31    <uses-permission android:name="android.permission.ACCESS_NETWORK_STATE" />
31-->[com.google.firebase:firebase-auth:21.2.0] AndroidManifest.xml:26:5-79
31-->[com.google.firebase:firebase-auth:21.2.0] AndroidManifest.xml:26:22-76
32
33    <uses-feature
33-->[com.google.android.gms:play-services-maps:18.1.0] AndroidManifest.xml:26:5-28:35
34        android:glEsVersion="0x00020000"
34-->[com.google.android.gms:play-services-maps:18.1.0] AndroidManifest.xml:27:9-41
35        android:required="true" />
35-->[com.google.android.gms:play-services-maps:18.1.0] AndroidManifest.xml:28:9-32
36
37    <uses-permission android:name="android.permission.WAKE_LOCK" />
37-->[com.google.android.gms:play-services-measurement-api:21.2.1] AndroidManifest.xml:24:5-68
37-->[com.google.android.gms:play-services-measurement-api:21.2.1] AndroidManifest.xml:24:22-65
38    <uses-permission android:name="com.google.android.gms.permission.AD_ID" />
38-->[com.google.android.gms:play-services-measurement-api:21.2.1] AndroidManifest.xml:25:5-79
38-->[com.google.android.gms:play-services-measurement-api:21.2.1] AndroidManifest.xml:25:22-76
39    <uses-permission android:name="com.google.android.finsky.permission.BIND_GET_INSTALL_REFERRER_SERVICE" />
39-->[com.google.android.gms:play-services-measurement:21.2.1] AndroidManifest.xml:26:5-110
39-->[com.google.android.gms:play-services-measurement:21.2.1] AndroidManifest.xml:26:22-107
40    <uses-permission android:name="android.permission.RECEIVE_BOOT_COMPLETED" />
40-->[androidx.work:work-runtime:2.7.1] AndroidManifest.xml:27:5-81
40-->[androidx.work:work-runtime:2.7.1] AndroidManifest.xml:27:22-78
41
42    <permission
42-->[androidx.core:core:1.9.0] AndroidManifest.xml:22:5-24:47
43        android:name="com.medbay.app.DYNAMIC_RECEIVER_NOT_EXPORTED_PERMISSION"
43-->[androidx.core:core:1.9.0] AndroidManifest.xml:23:9-81
44        android:protectionLevel="signature" />
44-->[androidx.core:core:1.9.0] AndroidManifest.xml:24:9-44
45
46    <uses-permission android:name="com.medbay.app.DYNAMIC_RECEIVER_NOT_EXPORTED_PERMISSION" />
46-->[androidx.core:core:1.9.0] AndroidManifest.xml:26:5-97
46-->[androidx.core:core:1.9.0] AndroidManifest.xml:26:22-94
47
48    <application
49        android:name="android.app.Application"
50        android:appComponentFactory="androidx.core.app.CoreComponentFactory"
50-->[androidx.core:core:1.9.0] AndroidManifest.xml:28:18-86
51        android:debuggable="true"
52        android:icon="@mipmap/ic_launcher"
53        android:label="MedBay"
54        android:requestLegacyExternalStorage="true" >
55        <activity
56            android:name="com.medbay.app.MainActivity"
57            android:configChanges="orientation|keyboardHidden|keyboard|screenSize|smallestScreenSize|locale|layoutDirection|fontScale|screenLayout|density|uiMode"
58            android:exported="true"
59            android:hardwareAccelerated="true"
60            android:launchMode="singleTop"
61            android:theme="@style/LaunchTheme"
62            android:windowSoftInputMode="adjustResize" >
63
64            <!--
65                 Specifies an Android theme to apply to this Activity as soon as
66                 the Android process has started. This theme is visible to the user
67                 while the Flutter UI initializes. After that, this theme continues
68                 to determine the Window background behind the Flutter UI.
69            -->
70            <meta-data
71                android:name="io.flutter.embedding.android.NormalTheme"
72                android:resource="@style/NormalTheme" />
73
74            <intent-filter>
75                <action android:name="android.intent.action.MAIN" />
76
77                <category android:name="android.intent.category.LAUNCHER" />
78            </intent-filter>
79        </activity>
80        <activity
81            android:name="com.yalantis.ucrop.UCropActivity"
82            android:screenOrientation="portrait"
83            android:theme="@style/Theme.AppCompat.Light.NoActionBar" />
84        <!--
85             Don't delete the meta-data below.
86             This is used by the Flutter tool to generate GeneratedPluginRegistrant.java
87        -->
88        <meta-data
89            android:name="flutterEmbedding"
90            android:value="2" />
91        <meta-data
92            android:name="com.google.android.geo.API_KEY"
93            android:value="AIzaSyBAcjxEiRdrBUZ7DF5LDSO5ebUYWatFahE" />
94
95        <service
95-->[:cloud_firestore] AndroidManifest.xml:10:9-14:19
96            android:name="com.google.firebase.components.ComponentDiscoveryService"
96-->[:cloud_firestore] AndroidManifest.xml:10:18-89
97            android:directBootAware="true"
97-->[com.google.firebase:firebase-common:20.3.2] AndroidManifest.xml:34:13-43
98            android:exported="false" >
98-->[com.google.firebase:firebase-analytics-ktx:21.2.1] AndroidManifest.xml:10:13-37
99            <meta-data
99-->[:cloud_firestore] AndroidManifest.xml:11:13-13:85
100                android:name="com.google.firebase.components:io.flutter.plugins.firebase.firestore.FlutterFirebaseFirestoreRegistrar"
100-->[:cloud_firestore] AndroidManifest.xml:12:17-134
101                android:value="com.google.firebase.components.ComponentRegistrar" />
101-->[:cloud_firestore] AndroidManifest.xml:13:17-82
102            <meta-data
102-->[:firebase_auth] AndroidManifest.xml:11:13-13:85
103                android:name="com.google.firebase.components:io.flutter.plugins.firebase.auth.FlutterFirebaseAuthRegistrar"
103-->[:firebase_auth] AndroidManifest.xml:12:17-124
104                android:value="com.google.firebase.components.ComponentRegistrar" />
104-->[:firebase_auth] AndroidManifest.xml:13:17-82
105            <meta-data
105-->[:firebase_storage] AndroidManifest.xml:11:13-13:85
106                android:name="com.google.firebase.components:io.flutter.plugins.firebase.storage.FlutterFirebaseAppRegistrar"
106-->[:firebase_storage] AndroidManifest.xml:12:17-126
107                android:value="com.google.firebase.components.ComponentRegistrar" />
107-->[:firebase_storage] AndroidManifest.xml:13:17-82
108            <meta-data
108-->[:firebase_core] AndroidManifest.xml:11:13-13:85
109                android:name="com.google.firebase.components:io.flutter.plugins.firebase.core.FlutterFirebaseCoreRegistrar"
109-->[:firebase_core] AndroidManifest.xml:12:17-124
110                android:value="com.google.firebase.components.ComponentRegistrar" />
110-->[:firebase_core] AndroidManifest.xml:13:17-82
111            <meta-data
111-->[com.google.firebase:firebase-analytics-ktx:21.2.1] AndroidManifest.xml:11:13-13:85
112                android:name="com.google.firebase.components:com.google.firebase.analytics.ktx.FirebaseAnalyticsKtxRegistrar"
112-->[com.google.firebase:firebase-analytics-ktx:21.2.1] AndroidManifest.xml:12:17-126
113                android:value="com.google.firebase.components.ComponentRegistrar" />
113-->[com.google.firebase:firebase-analytics-ktx:21.2.1] AndroidManifest.xml:13:17-82
114            <meta-data
114-->[com.google.firebase:firebase-common-ktx:20.3.2] AndroidManifest.xml:14:13-16:85
115                android:name="com.google.firebase.components:com.google.firebase.ktx.FirebaseCommonKtxRegistrar"
115-->[com.google.firebase:firebase-common-ktx:20.3.2] AndroidManifest.xml:15:17-113
116                android:value="com.google.firebase.components.ComponentRegistrar" />
116-->[com.google.firebase:firebase-common-ktx:20.3.2] AndroidManifest.xml:16:17-82
117            <meta-data
117-->[com.google.firebase:firebase-auth:21.2.0] AndroidManifest.xml:69:13-71:85
118                android:name="com.google.firebase.components:com.google.firebase.auth.FirebaseAuthRegistrar"
118-->[com.google.firebase:firebase-auth:21.2.0] AndroidManifest.xml:70:17-109
119                android:value="com.google.firebase.components.ComponentRegistrar" />
119-->[com.google.firebase:firebase-auth:21.2.0] AndroidManifest.xml:71:17-82
120            <meta-data
120-->[com.google.firebase:firebase-firestore:24.4.5] AndroidManifest.xml:19:13-21:85
121                android:name="com.google.firebase.components:com.google.firebase.firestore.FirestoreRegistrar"
121-->[com.google.firebase:firebase-firestore:24.4.5] AndroidManifest.xml:20:17-111
122                android:value="com.google.firebase.components.ComponentRegistrar" />
122-->[com.google.firebase:firebase-firestore:24.4.5] AndroidManifest.xml:21:17-82
123            <meta-data
123-->[com.google.firebase:firebase-storage:20.1.0] AndroidManifest.xml:32:13-34:85
124                android:name="com.google.firebase.components:com.google.firebase.storage.StorageRegistrar"
124-->[com.google.firebase:firebase-storage:20.1.0] AndroidManifest.xml:33:17-107
125                android:value="com.google.firebase.components.ComponentRegistrar" />
125-->[com.google.firebase:firebase-storage:20.1.0] AndroidManifest.xml:34:17-82
126            <meta-data
126-->[com.google.android.gms:play-services-measurement-api:21.2.1] AndroidManifest.xml:31:13-33:85
127                android:name="com.google.firebase.components:com.google.firebase.analytics.connector.internal.AnalyticsConnectorRegistrar"
127-->[com.google.android.gms:play-services-measurement-api:21.2.1] AndroidManifest.xml:32:17-139
128                android:value="com.google.firebase.components.ComponentRegistrar" />
128-->[com.google.android.gms:play-services-measurement-api:21.2.1] AndroidManifest.xml:33:17-82
129            <meta-data
129-->[com.google.firebase:firebase-installations:17.1.3] AndroidManifest.xml:17:13-19:85
130                android:name="com.google.firebase.components:com.google.firebase.installations.FirebaseInstallationsRegistrar"
130-->[com.google.firebase:firebase-installations:17.1.3] AndroidManifest.xml:18:17-127
131                android:value="com.google.firebase.components.ComponentRegistrar" />
131-->[com.google.firebase:firebase-installations:17.1.3] AndroidManifest.xml:19:17-82
132        </service>
133        <service
133-->[:geolocator_android] AndroidManifest.xml:12:9-16:56
134            android:name="com.baseflow.geolocator.GeolocatorLocationService"
134-->[:geolocator_android] AndroidManifest.xml:13:13-77
135            android:enabled="true"
135-->[:geolocator_android] AndroidManifest.xml:14:13-35
136            android:exported="false"
136-->[:geolocator_android] AndroidManifest.xml:15:13-37
137            android:foregroundServiceType="location" />
137-->[:geolocator_android] AndroidManifest.xml:16:13-53
138
139        <provider
139-->[:image_picker_android] AndroidManifest.xml:10:9-18:20
140            android:name="io.flutter.plugins.imagepicker.ImagePickerFileProvider"
140-->[:image_picker_android] AndroidManifest.xml:11:13-82
141            android:authorities="com.medbay.app.flutter.image_provider"
141-->[:image_picker_android] AndroidManifest.xml:12:13-74
142            android:exported="false"
142-->[:image_picker_android] AndroidManifest.xml:13:13-37
143            android:grantUriPermissions="true" >
143-->[:image_picker_android] AndroidManifest.xml:14:13-47
144            <meta-data
144-->[:image_picker_android] AndroidManifest.xml:15:13-17:75
145                android:name="android.support.FILE_PROVIDER_PATHS"
145-->[:image_picker_android] AndroidManifest.xml:16:17-67
146                android:resource="@xml/flutter_image_picker_file_paths" />
146-->[:image_picker_android] AndroidManifest.xml:17:17-72
147        </provider>
148
149        <service
149-->[:location] AndroidManifest.xml:13:9-17:56
150            android:name="com.lyokone.location.FlutterLocationService"
150-->[:location] AndroidManifest.xml:14:13-71
151            android:enabled="true"
151-->[:location] AndroidManifest.xml:15:13-35
152            android:exported="false"
152-->[:location] AndroidManifest.xml:16:13-37
153            android:foregroundServiceType="location" />
153-->[:location] AndroidManifest.xml:17:13-53
154
155        <activity
155-->[com.google.firebase:firebase-auth:21.2.0] AndroidManifest.xml:29:9-46:20
156            android:name="com.google.firebase.auth.internal.GenericIdpActivity"
156-->[com.google.firebase:firebase-auth:21.2.0] AndroidManifest.xml:30:13-80
157            android:excludeFromRecents="true"
157-->[com.google.firebase:firebase-auth:21.2.0] AndroidManifest.xml:31:13-46
158            android:exported="true"
158-->[com.google.firebase:firebase-auth:21.2.0] AndroidManifest.xml:32:13-36
159            android:launchMode="singleTask"
159-->[com.google.firebase:firebase-auth:21.2.0] AndroidManifest.xml:33:13-44
160            android:theme="@android:style/Theme.Translucent.NoTitleBar" >
160-->[com.google.firebase:firebase-auth:21.2.0] AndroidManifest.xml:34:13-72
161            <intent-filter>
161-->[com.google.firebase:firebase-auth:21.2.0] AndroidManifest.xml:35:13-45:29
162                <action android:name="android.intent.action.VIEW" />
162-->[:flutter_downloader] AndroidManifest.xml:12:13-65
162-->[:flutter_downloader] AndroidManifest.xml:12:21-62
163
164                <category android:name="android.intent.category.DEFAULT" />
164-->[com.google.firebase:firebase-auth:21.2.0] AndroidManifest.xml:38:17-76
164-->[com.google.firebase:firebase-auth:21.2.0] AndroidManifest.xml:38:27-73
165                <category android:name="android.intent.category.BROWSABLE" />
165-->[com.google.firebase:firebase-auth:21.2.0] AndroidManifest.xml:39:17-78
165-->[com.google.firebase:firebase-auth:21.2.0] AndroidManifest.xml:39:27-75
166
167                <data
167-->[com.google.firebase:firebase-auth:21.2.0] AndroidManifest.xml:41:17-44:51
168                    android:host="firebase.auth"
168-->[com.google.firebase:firebase-auth:21.2.0] AndroidManifest.xml:42:21-49
169                    android:path="/"
169-->[com.google.firebase:firebase-auth:21.2.0] AndroidManifest.xml:43:21-37
170                    android:scheme="genericidp" />
170-->[com.google.firebase:firebase-auth:21.2.0] AndroidManifest.xml:44:21-48
171            </intent-filter>
172        </activity>
173        <activity
173-->[com.google.firebase:firebase-auth:21.2.0] AndroidManifest.xml:47:9-64:20
174            android:name="com.google.firebase.auth.internal.RecaptchaActivity"
174-->[com.google.firebase:firebase-auth:21.2.0] AndroidManifest.xml:48:13-79
175            android:excludeFromRecents="true"
175-->[com.google.firebase:firebase-auth:21.2.0] AndroidManifest.xml:49:13-46
176            android:exported="true"
176-->[com.google.firebase:firebase-auth:21.2.0] AndroidManifest.xml:50:13-36
177            android:launchMode="singleTask"
177-->[com.google.firebase:firebase-auth:21.2.0] AndroidManifest.xml:51:13-44
178            android:theme="@android:style/Theme.Translucent.NoTitleBar" >
178-->[com.google.firebase:firebase-auth:21.2.0] AndroidManifest.xml:52:13-72
179            <intent-filter>
179-->[com.google.firebase:firebase-auth:21.2.0] AndroidManifest.xml:53:13-63:29
180                <action android:name="android.intent.action.VIEW" />
180-->[:flutter_downloader] AndroidManifest.xml:12:13-65
180-->[:flutter_downloader] AndroidManifest.xml:12:21-62
181
182                <category android:name="android.intent.category.DEFAULT" />
182-->[com.google.firebase:firebase-auth:21.2.0] AndroidManifest.xml:38:17-76
182-->[com.google.firebase:firebase-auth:21.2.0] AndroidManifest.xml:38:27-73
183                <category android:name="android.intent.category.BROWSABLE" />
183-->[com.google.firebase:firebase-auth:21.2.0] AndroidManifest.xml:39:17-78
183-->[com.google.firebase:firebase-auth:21.2.0] AndroidManifest.xml:39:27-75
184
185                <data
185-->[com.google.firebase:firebase-auth:21.2.0] AndroidManifest.xml:41:17-44:51
186                    android:host="firebase.auth"
186-->[com.google.firebase:firebase-auth:21.2.0] AndroidManifest.xml:42:21-49
187                    android:path="/"
187-->[com.google.firebase:firebase-auth:21.2.0] AndroidManifest.xml:43:21-37
188                    android:scheme="recaptcha" />
188-->[com.google.firebase:firebase-auth:21.2.0] AndroidManifest.xml:44:21-48
189            </intent-filter>
190        </activity> <!-- Needs to be explicitly declared on P+ -->
191        <uses-library
191-->[com.google.android.gms:play-services-maps:18.1.0] AndroidManifest.xml:39:9-41:40
192            android:name="org.apache.http.legacy"
192-->[com.google.android.gms:play-services-maps:18.1.0] AndroidManifest.xml:40:13-50
193            android:required="false" />
193-->[com.google.android.gms:play-services-maps:18.1.0] AndroidManifest.xml:41:13-37
194
195        <provider
195-->[com.google.firebase:firebase-common:20.3.2] AndroidManifest.xml:25:9-30:39
196            android:name="com.google.firebase.provider.FirebaseInitProvider"
196-->[com.google.firebase:firebase-common:20.3.2] AndroidManifest.xml:26:13-77
197            android:authorities="com.medbay.app.firebaseinitprovider"
197-->[com.google.firebase:firebase-common:20.3.2] AndroidManifest.xml:27:13-72
198            android:directBootAware="true"
198-->[com.google.firebase:firebase-common:20.3.2] AndroidManifest.xml:28:13-43
199            android:exported="false"
199-->[com.google.firebase:firebase-common:20.3.2] AndroidManifest.xml:29:13-37
200            android:initOrder="100" />
200-->[com.google.firebase:firebase-common:20.3.2] AndroidManifest.xml:30:13-36
201
202        <activity
202-->[com.google.android.gms:play-services-base:18.1.0] AndroidManifest.xml:20:9-22:45
203            android:name="com.google.android.gms.common.api.GoogleApiActivity"
203-->[com.google.android.gms:play-services-base:18.1.0] AndroidManifest.xml:20:19-85
204            android:exported="false"
204-->[com.google.android.gms:play-services-base:18.1.0] AndroidManifest.xml:22:19-43
205            android:theme="@android:style/Theme.Translucent.NoTitleBar" />
205-->[com.google.android.gms:play-services-base:18.1.0] AndroidManifest.xml:21:19-78
206
207        <receiver
207-->[com.google.android.gms:play-services-measurement:21.2.1] AndroidManifest.xml:29:9-33:20
208            android:name="com.google.android.gms.measurement.AppMeasurementReceiver"
208-->[com.google.android.gms:play-services-measurement:21.2.1] AndroidManifest.xml:30:13-85
209            android:enabled="true"
209-->[com.google.android.gms:play-services-measurement:21.2.1] AndroidManifest.xml:31:13-35
210            android:exported="false" >
210-->[com.google.android.gms:play-services-measurement:21.2.1] AndroidManifest.xml:32:13-37
211        </receiver>
212
213        <service
213-->[com.google.android.gms:play-services-measurement:21.2.1] AndroidManifest.xml:35:9-38:40
214            android:name="com.google.android.gms.measurement.AppMeasurementService"
214-->[com.google.android.gms:play-services-measurement:21.2.1] AndroidManifest.xml:36:13-84
215            android:enabled="true"
215-->[com.google.android.gms:play-services-measurement:21.2.1] AndroidManifest.xml:37:13-35
216            android:exported="false" />
216-->[com.google.android.gms:play-services-measurement:21.2.1] AndroidManifest.xml:38:13-37
217        <service
217-->[com.google.android.gms:play-services-measurement:21.2.1] AndroidManifest.xml:39:9-43:72
218            android:name="com.google.android.gms.measurement.AppMeasurementJobService"
218-->[com.google.android.gms:play-services-measurement:21.2.1] AndroidManifest.xml:40:13-87
219            android:enabled="true"
219-->[com.google.android.gms:play-services-measurement:21.2.1] AndroidManifest.xml:41:13-35
220            android:exported="false"
220-->[com.google.android.gms:play-services-measurement:21.2.1] AndroidManifest.xml:42:13-37
221            android:permission="android.permission.BIND_JOB_SERVICE" />
221-->[com.google.android.gms:play-services-measurement:21.2.1] AndroidManifest.xml:43:13-69
222
223        <meta-data
223-->[com.google.android.gms:play-services-basement:18.1.0] AndroidManifest.xml:21:9-23:69
224            android:name="com.google.android.gms.version"
224-->[com.google.android.gms:play-services-basement:18.1.0] AndroidManifest.xml:22:13-58
225            android:value="@integer/google_play_services_version" />
225-->[com.google.android.gms:play-services-basement:18.1.0] AndroidManifest.xml:23:13-66
226
227        <uses-library
227-->[androidx.window:window:1.0.0-beta04] AndroidManifest.xml:25:9-27:40
228            android:name="androidx.window.extensions"
228-->[androidx.window:window:1.0.0-beta04] AndroidManifest.xml:26:13-54
229            android:required="false" />
229-->[androidx.window:window:1.0.0-beta04] AndroidManifest.xml:27:13-37
230        <uses-library
230-->[androidx.window:window:1.0.0-beta04] AndroidManifest.xml:28:9-30:40
231            android:name="androidx.window.sidecar"
231-->[androidx.window:window:1.0.0-beta04] AndroidManifest.xml:29:13-51
232            android:required="false" />
232-->[androidx.window:window:1.0.0-beta04] AndroidManifest.xml:30:13-37
233
234        <provider
234-->[androidx.work:work-runtime:2.7.1] AndroidManifest.xml:31:9-39:20
235            android:name="androidx.startup.InitializationProvider"
235-->[androidx.work:work-runtime:2.7.1] AndroidManifest.xml:32:13-67
236            android:authorities="com.medbay.app.androidx-startup"
236-->[androidx.work:work-runtime:2.7.1] AndroidManifest.xml:33:13-68
237            android:exported="false" >
237-->[androidx.work:work-runtime:2.7.1] AndroidManifest.xml:34:13-37
238            <meta-data
238-->[androidx.work:work-runtime:2.7.1] AndroidManifest.xml:36:13-38:52
239                android:name="androidx.work.WorkManagerInitializer"
239-->[androidx.work:work-runtime:2.7.1] AndroidManifest.xml:37:17-68
240                android:value="androidx.startup" />
240-->[androidx.work:work-runtime:2.7.1] AndroidManifest.xml:38:17-49
241        </provider>
242
243        <service
243-->[androidx.work:work-runtime:2.7.1] AndroidManifest.xml:41:9-46:35
244            android:name="androidx.work.impl.background.systemalarm.SystemAlarmService"
244-->[androidx.work:work-runtime:2.7.1] AndroidManifest.xml:42:13-88
245            android:directBootAware="false"
245-->[androidx.work:work-runtime:2.7.1] AndroidManifest.xml:43:13-44
246            android:enabled="@bool/enable_system_alarm_service_default"
246-->[androidx.work:work-runtime:2.7.1] AndroidManifest.xml:44:13-72
247            android:exported="false" />
247-->[androidx.work:work-runtime:2.7.1] AndroidManifest.xml:45:13-37
248        <service
248-->[androidx.work:work-runtime:2.7.1] AndroidManifest.xml:47:9-53:35
249            android:name="androidx.work.impl.background.systemjob.SystemJobService"
249-->[androidx.work:work-runtime:2.7.1] AndroidManifest.xml:48:13-84
250            android:directBootAware="false"
250-->[androidx.work:work-runtime:2.7.1] AndroidManifest.xml:49:13-44
251            android:enabled="@bool/enable_system_job_service_default"
251-->[androidx.work:work-runtime:2.7.1] AndroidManifest.xml:50:13-70
252            android:exported="true"
252-->[androidx.work:work-runtime:2.7.1] AndroidManifest.xml:51:13-36
253            android:permission="android.permission.BIND_JOB_SERVICE" />
253-->[androidx.work:work-runtime:2.7.1] AndroidManifest.xml:52:13-69
254        <service
254-->[androidx.work:work-runtime:2.7.1] AndroidManifest.xml:54:9-59:35
255            android:name="androidx.work.impl.foreground.SystemForegroundService"
255-->[androidx.work:work-runtime:2.7.1] AndroidManifest.xml:55:13-81
256            android:directBootAware="false"
256-->[androidx.work:work-runtime:2.7.1] AndroidManifest.xml:56:13-44
257            android:enabled="@bool/enable_system_foreground_service_default"
257-->[androidx.work:work-runtime:2.7.1] AndroidManifest.xml:57:13-77
258            android:exported="false" />
258-->[androidx.work:work-runtime:2.7.1] AndroidManifest.xml:58:13-37
259
260        <receiver
260-->[androidx.work:work-runtime:2.7.1] AndroidManifest.xml:61:9-66:35
261            android:name="androidx.work.impl.utils.ForceStopRunnable$BroadcastReceiver"
261-->[androidx.work:work-runtime:2.7.1] AndroidManifest.xml:62:13-88
262            android:directBootAware="false"
262-->[androidx.work:work-runtime:2.7.1] AndroidManifest.xml:63:13-44
263            android:enabled="true"
263-->[androidx.work:work-runtime:2.7.1] AndroidManifest.xml:64:13-35
264            android:exported="false" />
264-->[androidx.work:work-runtime:2.7.1] AndroidManifest.xml:65:13-37
265        <receiver
265-->[androidx.work:work-runtime:2.7.1] AndroidManifest.xml:67:9-77:20
266            android:name="androidx.work.impl.background.systemalarm.ConstraintProxy$BatteryChargingProxy"
266-->[androidx.work:work-runtime:2.7.1] AndroidManifest.xml:68:13-106
267            android:directBootAware="false"
267-->[androidx.work:work-runtime:2.7.1] AndroidManifest.xml:69:13-44
268            android:enabled="false"
268-->[androidx.work:work-runtime:2.7.1] AndroidManifest.xml:70:13-36
269            android:exported="false" >
269-->[androidx.work:work-runtime:2.7.1] AndroidManifest.xml:71:13-37
270            <intent-filter>
270-->[androidx.work:work-runtime:2.7.1] AndroidManifest.xml:73:13-76:29
271                <action android:name="android.intent.action.ACTION_POWER_CONNECTED" />
271-->[androidx.work:work-runtime:2.7.1] AndroidManifest.xml:74:17-87
271-->[androidx.work:work-runtime:2.7.1] AndroidManifest.xml:74:25-84
272                <action android:name="android.intent.action.ACTION_POWER_DISCONNECTED" />
272-->[androidx.work:work-runtime:2.7.1] AndroidManifest.xml:75:17-90
272-->[androidx.work:work-runtime:2.7.1] AndroidManifest.xml:75:25-87
273            </intent-filter>
274        </receiver>
275        <receiver
275-->[androidx.work:work-runtime:2.7.1] AndroidManifest.xml:78:9-88:20
276            android:name="androidx.work.impl.background.systemalarm.ConstraintProxy$BatteryNotLowProxy"
276-->[androidx.work:work-runtime:2.7.1] AndroidManifest.xml:79:13-104
277            android:directBootAware="false"
277-->[androidx.work:work-runtime:2.7.1] AndroidManifest.xml:80:13-44
278            android:enabled="false"
278-->[androidx.work:work-runtime:2.7.1] AndroidManifest.xml:81:13-36
279            android:exported="false" >
279-->[androidx.work:work-runtime:2.7.1] AndroidManifest.xml:82:13-37
280            <intent-filter>
280-->[androidx.work:work-runtime:2.7.1] AndroidManifest.xml:84:13-87:29
281                <action android:name="android.intent.action.BATTERY_OKAY" />
281-->[androidx.work:work-runtime:2.7.1] AndroidManifest.xml:85:17-77
281-->[androidx.work:work-runtime:2.7.1] AndroidManifest.xml:85:25-74
282                <action android:name="android.intent.action.BATTERY_LOW" />
282-->[androidx.work:work-runtime:2.7.1] AndroidManifest.xml:86:17-76
282-->[androidx.work:work-runtime:2.7.1] AndroidManifest.xml:86:25-73
283            </intent-filter>
284        </receiver>
285        <receiver
285-->[androidx.work:work-runtime:2.7.1] AndroidManifest.xml:89:9-99:20
286            android:name="androidx.work.impl.background.systemalarm.ConstraintProxy$StorageNotLowProxy"
286-->[androidx.work:work-runtime:2.7.1] AndroidManifest.xml:90:13-104
287            android:directBootAware="false"
287-->[androidx.work:work-runtime:2.7.1] AndroidManifest.xml:91:13-44